Build started 2014-10-02 6:37:40 PM.
     1>Project "C:\Users\Port\Documents\Visual Studio 2013\Projects\atomic\atomic\atomic.vcxproj" on node 2 (Rebuild target(s)).
     1>ClCompile:
         C:\Program Files (x86)\Microsoft Visual Studio 12.0\VC\bin\CL.exe /c /I"C:\Users\Port\Documents\Visual Studio 2013\Projects\atomic\thirdparty\glew-1.11.0\include" /I"C:\Users\Port\Documents\Visual Studio 2013\Projects\atomic\thirdparty\glfw-3.0.4.bin.WIN32\include" /I"C:\Users\Port\Documents\Visual Studio 2013\Projects\atomic\thirdparty\glm\glm" /ZI /nologo /W3 /WX- /Od /Oy- /D _MBCS /Gm /EHsc /RTC1 /MDd /GS /fp:precise /Zc:wchar_t /Zc:forScope /Fo"Debug\\" /Fd"Debug\vc120.pdb" /Gd /TP /analyze- /errorReport:prompt atomic\Bitmap.cpp atomic\Program.cpp main.cpp atomic\Shader.cpp atomic\Texture.cpp
         Texture.cpp
         Shader.cpp
         main.cpp
         Program.cpp
         Bitmap.cpp
         Generating Code...
       Link:
         C:\Program Files (x86)\Microsoft Visual Studio 12.0\VC\bin\link.exe /ERRORREPORT:PROMPT /OUT:"C:\Users\Port\Documents\Visual Studio 2013\Projects\atomic\Debug\atomic.exe" /INCREMENTAL /NOLOGO /LIBPATH:"C:\Users\Port\Documents\Visual Studio 2013\Projects\atomic\thirdparty\glew-1.11.0\lib\Release\Win32" /LIBPATH:"C:\Users\Port\Documents\Visual Studio 2013\Projects\atomic\thirdparty\glfw-3.0.4.bin.WIN32\lib-msvc120" glew32.lib opengl32.lib glfw3.lib kernel32.lib user32.lib gdi32.lib winspool.lib comdlg32.lib advapi32.lib shell32.lib ole32.lib oleaut32.lib uuid.lib odbc32.lib odbccp32.lib /MANIFEST /MANIFESTUAC:"level='asInvoker' uiAccess='false'" /manifest:embed /DEBUG /PDB:"C:\Users\Port\Documents\Visual Studio 2013\Projects\atomic\Debug\atomic.pdb" /TLBID:1 /DYNAMICBASE /NXCOMPAT /IMPLIB:"C:\Users\Port\Documents\Visual Studio 2013\Projects\atomic\Debug\atomic.lib" /MACHINE:X86 Debug\Bitmap.obj
         Debug\Program.obj
         Debug\main.obj
         Debug\Shader.obj
         Debug\Texture.obj
     1>LINK : warning LNK4098: defaultlib 'MSVCRT' conflicts with use of other libs; use /NODEFAULTLIB:library
         atomic.vcxproj -> C:\Users\Port\Documents\Visual Studio 2013\Projects\atomic\Debug\atomic.exe
     1>Done Building Project "C:\Users\Port\Documents\Visual Studio 2013\Projects\atomic\atomic\atomic.vcxproj" (Rebuild target(s)).

Build succeeded.

Time Elapsed 00:00:10.51
