c:\users\admin\documents\visual studio 2012\projects\atomic\atomic\debug\vc110.pdb
c:\users\admin\documents\visual studio 2012\projects\atomic\atomic\debug\main.obj
c:\users\admin\documents\visual studio 2012\projects\atomic\atomic\debug\shaders.obj
c:\users\admin\documents\visual studio 2012\projects\atomic\atomic\debug\bitmap.obj
c:\users\admin\documents\visual studio 2012\projects\atomic\atomic\debug\texture.obj
c:\users\admin\documents\visual studio 2012\projects\atomic\atomic\debug\stb_image.obj
c:\users\admin\documents\visual studio 2012\projects\atomic\debug\atomic.ilk
c:\users\admin\documents\visual studio 2012\projects\atomic\debug\atomic.exe
c:\users\admin\documents\visual studio 2012\projects\atomic\debug\atomic.pdb
c:\users\port\documents\visual studio 2013\projects\atomic\atomic\debug\vc120.pdb
c:\users\port\documents\visual studio 2013\projects\atomic\atomic\debug\vc120.idb
c:\users\port\documents\visual studio 2013\projects\atomic\atomic\debug\bitmap.obj
c:\users\port\documents\visual studio 2013\projects\atomic\atomic\debug\main.obj
c:\users\port\documents\visual studio 2013\projects\atomic\atomic\debug\shaders.obj
c:\users\port\documents\visual studio 2013\projects\atomic\atomic\debug\texture.obj
c:\users\port\documents\visual studio 2013\projects\atomic\atomic\debug\program.obj
c:\users\port\documents\visual studio 2013\projects\atomic\atomic\debug\shader.obj
c:\users\port\documents\visual studio 2013\projects\atomic\debug\atomic.ilk
c:\users\port\documents\visual studio 2013\projects\atomic\debug\atomic.exe
c:\users\port\documents\visual studio 2013\projects\atomic\debug\atomic.pdb
c:\users\port\documents\visual studio 2013\projects\atomic\atomic\debug\stb_image.obj
c:\users\port\documents\visual studio 2013\projects\atomic\atomic\debug\cl.command.1.tlog
c:\users\port\documents\visual studio 2013\projects\atomic\atomic\debug\cl.read.1.tlog
c:\users\port\documents\visual studio 2013\projects\atomic\atomic\debug\cl.write.1.tlog
c:\users\port\documents\visual studio 2013\projects\atomic\atomic\debug\link-cvtres.read.1.tlog
c:\users\port\documents\visual studio 2013\projects\atomic\atomic\debug\link-cvtres.write.1.tlog
c:\users\port\documents\visual studio 2013\projects\atomic\atomic\debug\link-rc.read.1.tlog
c:\users\port\documents\visual studio 2013\projects\atomic\atomic\debug\link-rc.write.1.tlog
c:\users\port\documents\visual studio 2013\projects\atomic\atomic\debug\link.1316-cvtres.read.1.tlog
c:\users\port\documents\visual studio 2013\projects\atomic\atomic\debug\link.1316-cvtres.write.1.tlog
c:\users\port\documents\visual studio 2013\projects\atomic\atomic\debug\link.1316-rc.read.1.tlog
c:\users\port\documents\visual studio 2013\projects\atomic\atomic\debug\link.1316-rc.write.1.tlog
c:\users\port\documents\visual studio 2013\projects\atomic\atomic\debug\link.1316.read.1.tlog
c:\users\port\documents\visual studio 2013\projects\atomic\atomic\debug\link.1316.write.1.tlog
c:\users\port\documents\visual studio 2013\projects\atomic\atomic\debug\link.2736-cvtres.read.1.tlog
c:\users\port\documents\visual studio 2013\projects\atomic\atomic\debug\link.2736-cvtres.write.1.tlog
c:\users\port\documents\visual studio 2013\projects\atomic\atomic\debug\link.2736-rc.read.1.tlog
c:\users\port\documents\visual studio 2013\projects\atomic\atomic\debug\link.2736-rc.write.1.tlog
c:\users\port\documents\visual studio 2013\projects\atomic\atomic\debug\link.2736.read.1.tlog
c:\users\port\documents\visual studio 2013\projects\atomic\atomic\debug\link.2736.write.1.tlog
c:\users\port\documents\visual studio 2013\projects\atomic\atomic\debug\link.2828-cvtres.read.1.tlog
c:\users\port\documents\visual studio 2013\projects\atomic\atomic\debug\link.2828-cvtres.write.1.tlog
c:\users\port\documents\visual studio 2013\projects\atomic\atomic\debug\link.2828-rc.read.1.tlog
c:\users\port\documents\visual studio 2013\projects\atomic\atomic\debug\link.2828-rc.write.1.tlog
c:\users\port\documents\visual studio 2013\projects\atomic\atomic\debug\link.2828.read.1.tlog
c:\users\port\documents\visual studio 2013\projects\atomic\atomic\debug\link.2828.write.1.tlog
c:\users\port\documents\visual studio 2013\projects\atomic\atomic\debug\link.4044-cvtres.read.1.tlog
c:\users\port\documents\visual studio 2013\projects\atomic\atomic\debug\link.4044-cvtres.write.1.tlog
c:\users\port\documents\visual studio 2013\projects\atomic\atomic\debug\link.4044-rc.read.1.tlog
c:\users\port\documents\visual studio 2013\projects\atomic\atomic\debug\link.4044-rc.write.1.tlog
c:\users\port\documents\visual studio 2013\projects\atomic\atomic\debug\link.4044.read.1.tlog
c:\users\port\documents\visual studio 2013\projects\atomic\atomic\debug\link.4044.write.1.tlog
c:\users\port\documents\visual studio 2013\projects\atomic\atomic\debug\link.4392-cvtres.read.1.tlog
c:\users\port\documents\visual studio 2013\projects\atomic\atomic\debug\link.4392-cvtres.write.1.tlog
c:\users\port\documents\visual studio 2013\projects\atomic\atomic\debug\link.4392-rc.read.1.tlog
c:\users\port\documents\visual studio 2013\projects\atomic\atomic\debug\link.4392-rc.write.1.tlog
c:\users\port\documents\visual studio 2013\projects\atomic\atomic\debug\link.4392.read.1.tlog
c:\users\port\documents\visual studio 2013\projects\atomic\atomic\debug\link.4392.write.1.tlog
c:\users\port\documents\visual studio 2013\projects\atomic\atomic\debug\link.6188-cvtres.read.1.tlog
c:\users\port\documents\visual studio 2013\projects\atomic\atomic\debug\link.6188-cvtres.write.1.tlog
c:\users\port\documents\visual studio 2013\projects\atomic\atomic\debug\link.6188-rc.read.1.tlog
c:\users\port\documents\visual studio 2013\projects\atomic\atomic\debug\link.6188-rc.write.1.tlog
c:\users\port\documents\visual studio 2013\projects\atomic\atomic\debug\link.6188.read.1.tlog
c:\users\port\documents\visual studio 2013\projects\atomic\atomic\debug\link.6188.write.1.tlog
c:\users\port\documents\visual studio 2013\projects\atomic\atomic\debug\link.6220-cvtres.read.1.tlog
c:\users\port\documents\visual studio 2013\projects\atomic\atomic\debug\link.6220-cvtres.write.1.tlog
c:\users\port\documents\visual studio 2013\projects\atomic\atomic\debug\link.6220-rc.read.1.tlog
c:\users\port\documents\visual studio 2013\projects\atomic\atomic\debug\link.6220-rc.write.1.tlog
c:\users\port\documents\visual studio 2013\projects\atomic\atomic\debug\link.6220.read.1.tlog
c:\users\port\documents\visual studio 2013\projects\atomic\atomic\debug\link.6220.write.1.tlog
c:\users\port\documents\visual studio 2013\projects\atomic\atomic\debug\link.6884-cvtres.read.1.tlog
c:\users\port\documents\visual studio 2013\projects\atomic\atomic\debug\link.6884-cvtres.write.1.tlog
c:\users\port\documents\visual studio 2013\projects\atomic\atomic\debug\link.6884-rc.read.1.tlog
c:\users\port\documents\visual studio 2013\projects\atomic\atomic\debug\link.6884-rc.write.1.tlog
c:\users\port\documents\visual studio 2013\projects\atomic\atomic\debug\link.6884.read.1.tlog
c:\users\port\documents\visual studio 2013\projects\atomic\atomic\debug\link.6884.write.1.tlog
c:\users\port\documents\visual studio 2013\projects\atomic\atomic\debug\link.7020-cvtres.read.1.tlog
c:\users\port\documents\visual studio 2013\projects\atomic\atomic\debug\link.7020-cvtres.write.1.tlog
c:\users\port\documents\visual studio 2013\projects\atomic\atomic\debug\link.7020-rc.read.1.tlog
c:\users\port\documents\visual studio 2013\projects\atomic\atomic\debug\link.7020-rc.write.1.tlog
c:\users\port\documents\visual studio 2013\projects\atomic\atomic\debug\link.7020.read.1.tlog
c:\users\port\documents\visual studio 2013\projects\atomic\atomic\debug\link.7020.write.1.tlog
c:\users\port\documents\visual studio 2013\projects\atomic\atomic\debug\link.7948-cvtres.read.1.tlog
c:\users\port\documents\visual studio 2013\projects\atomic\atomic\debug\link.7948-cvtres.write.1.tlog
c:\users\port\documents\visual studio 2013\projects\atomic\atomic\debug\link.7948-rc.read.1.tlog
c:\users\port\documents\visual studio 2013\projects\atomic\atomic\debug\link.7948-rc.write.1.tlog
c:\users\port\documents\visual studio 2013\projects\atomic\atomic\debug\link.7948.read.1.tlog
c:\users\port\documents\visual studio 2013\projects\atomic\atomic\debug\link.7948.write.1.tlog
c:\users\port\documents\visual studio 2013\projects\atomic\atomic\debug\link.command.1.tlog
c:\users\port\documents\visual studio 2013\projects\atomic\atomic\debug\link.read.1.tlog
c:\users\port\documents\visual studio 2013\projects\atomic\atomic\debug\link.write.1.tlog
c:\users\port\documents\visual studio 2013\projects\atomic\atomic\debug\vc110.idb
c:\users\port\documents\visual studio 2013\projects\atomic\atomic\debug\vc110.pdb
c:\users\port\documents\visual studio 2013\projects\atomic\atomic\debug\atomic.tlog\cl.command.1.tlog
c:\users\port\documents\visual studio 2013\projects\atomic\atomic\debug\atomic.tlog\cl.read.1.tlog
c:\users\port\documents\visual studio 2013\projects\atomic\atomic\debug\atomic.tlog\cl.write.1.tlog
c:\users\port\documents\visual studio 2013\projects\atomic\atomic\debug\atomic.tlog\link.command.1.tlog
c:\users\port\documents\visual studio 2013\projects\atomic\atomic\debug\atomic.tlog\link.read.1.tlog
c:\users\port\documents\visual studio 2013\projects\atomic\atomic\debug\atomic.tlog\link.write.1.tlog
